0 info it worked if it ends with ok
1 verbose cli [ 'node', '/usr/local/bin/npm', 'install', 'esri-leaflet' ]
2 info using npm@1.2.18
3 info using node@v0.8.14
4 verbose read json /Users/phillipjreed/dev/gapp/gappmap/package.json
5 verbose read json /Users/phillipjreed/dev/gapp/gappmap/node_modules/async/package.json
6 verbose read json /Users/phillipjreed/dev/gapp/gappmap/node_modules/aws-sdk/package.json
7 verbose read json /Users/phillipjreed/dev/gapp/gappmap/node_modules/awssum/package.json
8 verbose read json /Users/phillipjreed/dev/gapp/gappmap/node_modules/awssum-amazon/package.json
9 verbose read json /Users/phillipjreed/dev/gapp/gappmap/node_modules/awssum-amazon-s3/package.json
10 verbose read json /Users/phillipjreed/dev/gapp/gappmap/node_modules/connect-livereload/package.json
11 verbose read json /Users/phillipjreed/dev/gapp/gappmap/node_modules/express/package.json
12 verbose read json /Users/phillipjreed/dev/gapp/gappmap/node_modules/fmt/package.json
13 verbose read json /Users/phillipjreed/dev/gapp/gappmap/node_modules/gm/package.json
14 verbose read json /Users/phillipjreed/dev/gapp/gappmap/node_modules/grunt/package.json
15 verbose read json /Users/phillipjreed/dev/gapp/gappmap/node_modules/grunt-concurrent/package.json
16 verbose read json /Users/phillipjreed/dev/gapp/gappmap/node_modules/grunt-contrib-clean/package.json
17 verbose read json /Users/phillipjreed/dev/gapp/gappmap/node_modules/grunt-contrib-coffee/package.json
18 verbose read json /Users/phillipjreed/dev/gapp/gappmap/node_modules/grunt-contrib-compass/package.json
19 verbose read json /Users/phillipjreed/dev/gapp/gappmap/node_modules/grunt-contrib-concat/package.json
20 verbose read json /Users/phillipjreed/dev/gapp/gappmap/node_modules/grunt-contrib-connect/package.json
21 verbose read json /Users/phillipjreed/dev/gapp/gappmap/node_modules/grunt-contrib-copy/package.json
22 verbose read json /Users/phillipjreed/dev/gapp/gappmap/node_modules/grunt-contrib-cssmin/package.json
23 verbose read json /Users/phillipjreed/dev/gapp/gappmap/node_modules/grunt-contrib-htmlmin/package.json
24 verbose read json /Users/phillipjreed/dev/gapp/gappmap/node_modules/grunt-contrib-imagemin/package.json
25 verbose read json /Users/phillipjreed/dev/gapp/gappmap/node_modules/grunt-contrib-jshint/package.json
26 verbose read json /Users/phillipjreed/dev/gapp/gappmap/node_modules/grunt-contrib-nodeunit/package.json
27 verbose read json /Users/phillipjreed/dev/gapp/gappmap/node_modules/grunt-contrib-qunit/package.json
28 verbose read json /Users/phillipjreed/dev/gapp/gappmap/node_modules/grunt-contrib-uglify/package.json
29 verbose read json /Users/phillipjreed/dev/gapp/gappmap/node_modules/grunt-contrib-watch/package.json
30 verbose read json /Users/phillipjreed/dev/gapp/gappmap/node_modules/grunt-minjson/package.json
31 verbose read json /Users/phillipjreed/dev/gapp/gappmap/node_modules/grunt-mocha/package.json
32 verbose read json /Users/phillipjreed/dev/gapp/gappmap/node_modules/grunt-open/package.json
33 verbose read json /Users/phillipjreed/dev/gapp/gappmap/node_modules/grunt-rev/package.json
34 verbose read json /Users/phillipjreed/dev/gapp/gappmap/node_modules/grunt-svgmin/package.json
35 verbose read json /Users/phillipjreed/dev/gapp/gappmap/node_modules/grunt-usemin/package.json
36 verbose read json /Users/phillipjreed/dev/gapp/gappmap/node_modules/jade/package.json
37 verbose read json /Users/phillipjreed/dev/gapp/gappmap/node_modules/json2csv-customgapp/package.json
38 verbose read json /Users/phillipjreed/dev/gapp/gappmap/node_modules/knox/package.json
39 verbose read json /Users/phillipjreed/dev/gapp/gappmap/node_modules/matchdep/package.json
40 verbose read json /Users/phillipjreed/dev/gapp/gappmap/node_modules/mongoose/package.json
41 verbose read json /Users/phillipjreed/dev/gapp/gappmap/node_modules/multiparty/package.json
42 verbose read json /Users/phillipjreed/dev/gapp/gappmap/node_modules/request/package.json
43 verbose from cache /Users/phillipjreed/dev/gapp/gappmap/package.json
44 verbose readDependencies using package.json deps
45 verbose cache add [ 'esri-leaflet', null ]
46 verbose cache add name=undefined spec="esri-leaflet" args=["esri-leaflet",null]
47 verbose parsed url { pathname: 'esri-leaflet',
47 verbose parsed url   path: 'esri-leaflet',
47 verbose parsed url   href: 'esri-leaflet' }
48 silly lockFile ca6b776c-esri-leaflet esri-leaflet
49 verbose lock esri-leaflet /Users/phillipjreed/.npm/ca6b776c-esri-leaflet.lock
50 silly lockFile ca6b776c-esri-leaflet esri-leaflet
51 silly lockFile ca6b776c-esri-leaflet esri-leaflet
52 verbose addNamed [ 'esri-leaflet', '' ]
53 verbose addNamed [ null, '' ]
54 silly lockFile 03d892f3-esri-leaflet esri-leaflet@
55 verbose lock esri-leaflet@ /Users/phillipjreed/.npm/03d892f3-esri-leaflet.lock
56 silly addNameRange { name: 'esri-leaflet', range: '', hasData: false }
57 verbose url raw esri-leaflet
58 verbose url resolving [ 'https://registry.npmjs.org/', './esri-leaflet' ]
59 verbose url resolved https://registry.npmjs.org/esri-leaflet
60 info trying registry request attempt 1 at 15:42:38
61 http GET https://registry.npmjs.org/esri-leaflet
62 http 404 https://registry.npmjs.org/esri-leaflet
63 silly registry.get cb [ 404,
63 silly registry.get   { server: 'CouchDB/1.3.0 (Erlang OTP/R15B03)',
63 silly registry.get     date: 'Mon, 22 Jul 2013 22:42:39 GMT',
63 silly registry.get     'content-type': 'application/json',
63 silly registry.get     'content-length': '52',
63 silly registry.get     'cache-control': 'must-revalidate' } ]
64 silly lockFile 03d892f3-esri-leaflet esri-leaflet@
65 silly lockFile 03d892f3-esri-leaflet esri-leaflet@
66 error 404 'esri-leaflet' is not in the npm registry.
66 error 404 You should bug the author to publish it
66 error 404
66 error 404 Note that you can also install from a
66 error 404 tarball, folder, or http url, or git url.
67 error System Darwin 12.4.0
68 error command "node" "/usr/local/bin/npm" "install" "esri-leaflet"
69 error cwd /Users/phillipjreed/dev/gapp/gappmap
70 error node -v v0.8.14
71 error npm -v 1.2.18
72 error code E404
73 verbose exit [ 1, true ]
